Start testing: Jun 9 16:01 EDT
----------------------------------------------------------
1/1 Testing: check
1/1 Test: check
Command: "/home/kali/gallowss06/workspace/projects/lab07/_builds/check"
Directory: /home/kali/gallowss06/workspace/projects/lab07/_builds
"check" start time: Jun 9 16:01 EDT
Output:
----------------------------------------------------------
Running main() from /home/kali/projects/hunter/_Base/xxxxxxx/d1e9b55/cf272be/Build/GTest/Source/googletest/src/gtest_main.cc
[==========] Running 1 test from 1 test suite.
[----------] Global test environment set-up.
[----------] 1 test from Print
[ RUN      ] Print.InFileStream
[       OK ] Print.InFileStream (0 ms)
[----------] 1 test from Print (0 ms total)

[----------] Global test environment tear-down
[==========] 1 test from 1 test suite ran. (0 ms total)
[  PASSED  ] 1 test.
<end of output>
Test time =   0.00 sec
----------------------------------------------------------
Test Passed.
"check" end time: Jun 9 16:01 EDT
"check" time elapsed: 00:00:00
----------------------------------------------------------

End testing: Jun 9 16:01 EDT
